[debug] [2025-02-06T21:10:40.256Z] ----------------------------------------------------------------------
[debug] [2025-02-06T21:10:40.258Z] Command:       /opt/homebrew/Cellar/node/23.6.0/bin/node /Users/lyor/.npm-global/bin/firebase init hosting
[debug] [2025-02-06T21:10:40.258Z] CLI Version:   13.30.0
[debug] [2025-02-06T21:10:40.259Z] Platform:      darwin
[debug] [2025-02-06T21:10:40.259Z] Node Version:  v23.6.0
[debug] [2025-02-06T21:10:40.259Z] Time:          Thu Feb 06 2025 13:10:40 GMT-0800 (Pacific Standard Time)
[debug] [2025-02-06T21:10:40.259Z] ----------------------------------------------------------------------
[debug] 
[debug] [2025-02-06T21:10:40.262Z] > command requires scopes: ["email","openid","https://www.googleapis.com/auth/cloudplatformprojects.readonly","https://www.googleapis.com/auth/firebase","https://www.googleapis.com/auth/cloud-platform"]
[debug] [2025-02-06T21:10:40.262Z] > authorizing via signed-in user (debtcatai@gmail.com)
[info] 
     ######## #### ########  ######## ########     ###     ######  ########
     ##        ##  ##     ## ##       ##     ##  ##   ##  ##       ##
     ######    ##  ########  ######   ########  #########  ######  ######
     ##        ##  ##    ##  ##       ##     ## ##     ##       ## ##
     ##       #### ##     ## ######## ########  ##     ##  ######  ########

You're about to initialize a Firebase project in this directory:

  /Users/lyor/DebtCat-migration

[info] 
=== Project Setup
[info] 
[info] First, let's associate this project directory with a Firebase project.
[info] You can create multiple project aliases by running firebase use --add, 
[info] but for now we'll just set up a default project.
[info] 
[debug] [2025-02-06T21:10:49.707Z] Checked if tokens are valid: true, expires at: 1738879786535
[debug] [2025-02-06T21:10:49.708Z] Checked if tokens are valid: true, expires at: 1738879786535
[debug] [2025-02-06T21:10:49.708Z] >>> [apiv2][query] GET https://firebase.googleapis.com/v1beta1/projects pageSize=100
[debug] [2025-02-06T21:10:50.155Z] <<< [apiv2][status] GET https://firebase.googleapis.com/v1beta1/projects 200
[debug] [2025-02-06T21:10:50.155Z] <<< [apiv2][body] GET https://firebase.googleapis.com/v1beta1/projects [omitted]
[info] i  Using project debtcat-e5451 (DebtCat) 
[info] 
=== Hosting Setup
[debug] [2025-02-06T21:10:53.840Z] Checked if tokens are valid: true, expires at: 1738879786535
[debug] [2025-02-06T21:10:53.840Z] Checked if tokens are valid: true, expires at: 1738879786535
[debug] [2025-02-06T21:10:53.840Z] >>> [apiv2][query] GET https://firebase.googleapis.com/v1beta1/projects/debtcat-e5451 [none]
[debug] [2025-02-06T21:10:53.987Z] <<< [apiv2][status] GET https://firebase.googleapis.com/v1beta1/projects/debtcat-e5451 200
[debug] [2025-02-06T21:10:53.988Z] <<< [apiv2][body] GET https://firebase.googleapis.com/v1beta1/projects/debtcat-e5451 {"projectId":"debtcat-e5451","projectNumber":"218383213640","displayName":"DebtCat","name":"projects/debtcat-e5451","resources":{"hostingSite":"debtcat-e5451"},"state":"ACTIVE","etag":"1_d2c8c0b6-9b78-4b7e-9e3f-25832a755ac8"}
[info] 
[info] Your public directory is the folder (relative to your project directory) that
[info] will contain Hosting assets to be uploaded with firebase deploy. If you
[info] have a build process for your assets, use your build's output directory.
[info] 
[info] ✔  Wrote public/404.html 
[debug] [2025-02-06T21:11:26.417Z] >>> [apiv2][query] GET https://www.gstatic.com/firebasejs/releases.json [none]
[debug] [2025-02-06T21:11:26.490Z] <<< [apiv2][status] GET https://www.gstatic.com/firebasejs/releases.json 200
[debug] [2025-02-06T21:11:26.490Z] <<< [apiv2][body] GET https://www.gstatic.com/firebasejs/releases.json {"current":{"version":"11.3.0","browserURL":"https://www.gstatic.com/firebasejs/11.3.0/firebase.js","packageURL":"https://www.gstatic.com/firebasejs/11.3.0/firebase.tgz"},"live":{"version":"11.3","browserURL":"https://www.gstatic.com/firebasejs/live/11.3/firebase.js","packageURL":"https://www.gstatic.com/firebasejs/live/11.3/firebase.tgz"},"components":{"analytics":"https://www.gstatic.com/firebasejs/11.3.0/firebase-analytics.js","app":"https://www.gstatic.com/firebasejs/11.3.0/firebase-app.js","app-check":"https://www.gstatic.com/firebasejs/11.3.0/firebase-app-check.js","auth":"https://www.gstatic.com/firebasejs/11.3.0/firebase-auth.js","auth/cordova":"https://www.gstatic.com/firebasejs/11.3.0/firebase-auth/cordova.js","auth/web-extension":"https://www.gstatic.com/firebasejs/11.3.0/firebase-auth/web-extension.js","functions":"https://www.gstatic.com/firebasejs/11.3.0/firebase-functions.js","firestore":"https://www.gstatic.com/firebasejs/11.3.0/firebase-firestore.js","firestore/lite":"https://www.gstatic.com/firebasejs/11.3.0/firebase-firestore/lite.js","installations":"https://www.gstatic.com/firebasejs/11.3.0/firebase-installations.js","storage":"https://www.gstatic.com/firebasejs/11.3.0/firebase-storage.js","performance":"https://www.gstatic.com/firebasejs/11.3.0/firebase-performance.js","remote-config":"https://www.gstatic.com/firebasejs/11.3.0/firebase-remote-config.js","messaging":"https://www.gstatic.com/firebasejs/11.3.0/firebase-messaging.js","messaging/sw":"https://www.gstatic.com/firebasejs/11.3.0/firebase-messaging/sw.js","database":"https://www.gstatic.com/firebasejs/11.3.0/firebase-database.js","vertexai":"https://www.gstatic.com/firebasejs/11.3.0/firebase-vertexai.js","data-connect":"https://www.gstatic.com/firebasejs/11.3.0/firebase-data-connect.js","firestore.memory":"https://www.gstatic.com/firebasejs/11.3.0/firebase-firestore.memory.js"}}
[info] ✔  Wrote public/index.html 
[info] 
[info] i  Detected a .git folder at /Users/lyor 
[info] i  Authorizing with GitHub to upload your service account to a GitHub repository's secrets store. 
[info] 
[info] Visit this URL on this device to log in:
[info] https://github.com/login/oauth/authorize?client_id=89cf50f02ac6aaed3484&state=1054141678&redirect_uri=http%3A%2F%2Flocalhost%3A9005&scope=read%3Auser%20repo%20public_repo
[info] 
[info] Waiting for authentication...
[debug] [2025-02-06T21:13:09.746Z] >>> [apiv2][query] POST https://github.com/login/oauth/access_token [none]
[debug] [2025-02-06T21:13:09.746Z] >>> [apiv2][body] POST https://github.com/login/oauth/access_token [stream]
[debug] [2025-02-06T21:13:09.970Z] <<< [apiv2][status] POST https://github.com/login/oauth/access_token 200
[debug] [2025-02-06T21:13:09.970Z] <<< [apiv2][body] POST https://github.com/login/oauth/access_token {"access_token":"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","token_type":"bearer","scope":"read:user,repo"}
[debug] [2025-02-06T21:13:09.977Z] >>> [apiv2][query] GET https://api.github.com/user [none]
[debug] [2025-02-06T21:13:10.537Z] <<< [apiv2][status] GET https://api.github.com/user 200
[debug] [2025-02-06T21:13:10.537Z] <<< [apiv2][body] GET https://api.github.com/user {"login":"lyori6","id":64819634,"node_id":"MDQ6VXNlcjY0ODE5NjM0","avatar_url":"https://avatars.githubusercontent.com/u/64819634?v=4","gravatar_id":"","url":"https://api.github.com/users/lyori6","html_url":"https://github.com/lyori6","followers_url":"https://api.github.com/users/lyori6/followers","following_url":"https://api.github.com/users/lyori6/following{/other_user}","gists_url":"https://api.github.com/users/lyori6/gists{/gist_id}","starred_url":"https://api.github.com/users/lyori6/starred{/owner}{/repo}","subscriptions_url":"https://api.github.com/users/lyori6/subscriptions","organizations_url":"https://api.github.com/users/lyori6/orgs","repos_url":"https://api.github.com/users/lyori6/repos","events_url":"https://api.github.com/users/lyori6/events{/privacy}","received_events_url":"https://api.github.com/users/lyori6/received_events","type":"User","user_view_type":"private","site_admin":false,"name":"Lyor Itzhaki","company":"DebtCat","blog":"","location":"Redwood City","email":null,"hireable":null,"bio":"Building DebtCat | Product Manager | AI Enthusiast","twitter_username":null,"notification_email":null,"public_repos":7,"public_gists":0,"followers":0,"following":0,"created_at":"2020-05-05T01:52:45Z","updated_at":"2024-09-24T19:54:38Z","private_gists":0,"total_private_repos":5,"owned_private_repos":5,"disk_usage":20475,"collaborators":0,"two_factor_authentication":true,"plan":{"name":"free","space":976562499,"collaborators":0,"private_repos":10000}}
[info] 
[info] ✔  Success! Logged into GitHub as lyori6 
[info] 
